# JRE version: Java(TM) SE Runtime Environment (8.0_181-b13) (build 1.8.0_181-b13)
# Java VM: Java HotSpot(TM) 64-Bit Server VM (25.181-b13 mixed mode windows-amd64 compressed oops)
Heap:
 PSYoungGen      total 385024K, used 30577K [0x000000076b400000, 0x0000000786d00000, 0x00000007c0000000)
  eden space 336384K, 0% used [0x000000076b400000,0x000000076b400000,0x000000077fc80000)
  from space 48640K, 62% used [0x000000077fc80000,0x0000000781a5c738,0x0000000782c00000)
  to   space 37888K, 0% used [0x0000000782c00000,0x0000000782c00000,0x0000000785100000)
 ParOldGen       total 94208K, used 67549K [0x00000006c1c00000, 0x00000006c7800000, 0x000000076b400000)
  object space 94208K, 71% used [0x00000006c1c00000,0x00000006c5df7450,0x00000006c7800000)
 Metaspace       used 34558K, capacity 35336K, committed 35496K, reserved 1081344K
  class space    used 4088K, capacity 4324K, committed 4352K, reserved 1048576K
GC Heap History (10 events):
Event: 6.863 GC heap after
Heap after GC invocations=6 (full 1):
 PSYoungGen      total 141824K, used 10736K [0x000000076b400000, 0x000000077a400000, 0x00000007c0000000)
  eden space 131072K, 0% used [0x000000076b400000,0x000000076b400000,0x0000000773400000)
  from space 10752K, 99% used [0x0000000773400000,0x0000000773e7c318,0x0000000773e80000)
  to   space 14336K, 0% used [0x0000000779600000,0x0000000779600000,0x000000077a400000)
 ParOldGen       total 94208K, used 13931K [0x00000006c1c00000, 0x00000006c7800000, 0x000000076b400000)
  object space 94208K, 14% used [0x00000006c1c00000,0x00000006c299ae60,0x00000006c7800000)
 Metaspace       used 24720K, capacity 25422K, committed 25728K, reserved 1071104K
  class space    used 2923K, capacity 3087K, committed 3200K, reserved 1048576K
}
Event: 8.884 GC heap before
{Heap before GC invocations=7 (full 1):
 PSYoungGen      total 141824K, used 141808K [0x000000076b400000, 0x000000077a400000, 0x00000007c0000000)
  eden space 131072K, 100% used [0x000000076b400000,0x0000000773400000,0x0000000773400000)
  from space 10752K, 99% used [0x0000000773400000,0x0000000773e7c318,0x0000000773e80000)
  to   space 14336K, 0% used [0x0000000779600000,0x0000000779600000,0x000000077a400000)
 ParOldGen       total 94208K, used 13931K [0x00000006c1c00000, 0x00000006c7800000, 0x000000076b400000)
  object space 94208K, 14% used [0x00000006c1c00000,0x00000006c299ae60,0x00000006c7800000)
 Metaspace       used 30990K, capacity 31690K, committed 31872K, reserved 1077248K
  class space    used 3652K, capacity 3854K, committed 3968K, reserved 1048576K
Event: 8.917 GC heap after
Heap after GC invocations=7 (full 1):
 PSYoungGen      total 220672K, used 14305K [0x000000076b400000, 0x000000077b480000, 0x00000007c0000000)
  eden space 206336K, 0% used [0x000000076b400000,0x000000076b400000,0x0000000777d80000)
  from space 14336K, 99% used [0x0000000779600000,0x000000077a3f84e0,0x000000077a400000)
  to   space 25088K, 0% used [0x0000000777d80000,0x0000000777d80000,0x0000000779600000)
 ParOldGen       total 94208K, used 30297K [0x00000006c1c00000, 0x00000006c7800000, 0x000000076b400000)
  object space 94208K, 32% used [0x00000006c1c00000,0x00000006c3996450,0x00000006c7800000)
 Metaspace       used 30990K, capacity 31690K, committed 31872K, reserved 1077248K
  class space    used 3652K, capacity 3854K, committed 3968K, reserved 1048576K
}
Event: 9.680 GC heap before
{Heap before GC invocations=8 (full 1):
 PSYoungGen      total 220672K, used 220641K [0x000000076b400000, 0x000000077b480000, 0x00000007c0000000)
  eden space 206336K, 100% used [0x000000076b400000,0x0000000777d80000,0x0000000777d80000)
  from space 14336K, 99% used [0x0000000779600000,0x000000077a3f84e0,0x000000077a400000)
  to   space 25088K, 0% used [0x0000000777d80000,0x0000000777d80000,0x0000000779600000)
 ParOldGen       total 94208K, used 30297K [0x00000006c1c00000, 0x00000006c7800000, 0x000000076b400000)
  object space 94208K, 32% used [0x00000006c1c00000,0x00000006c3996450,0x00000006c7800000)
 Metaspace       used 31016K, capacity 31832K, committed 32128K, reserved 1077248K
  class space    used 3655K, capacity 3856K, committed 3968K, reserved 1048576K
Event: 9.738 GC heap after
Heap after GC invocations=8 (full 1):
 PSYoungGen      total 231424K, used 25069K [0x000000076b400000, 0x0000000785100000, 0x00000007c0000000)
  eden space 206336K, 0% used [0x000000076b400000,0x000000076b400000,0x0000000777d80000)
  from space 25088K, 99% used [0x0000000777d80000,0x00000007795fb648,0x0000000779600000)
  to   space 37888K, 0% used [0x0000000782c00000,0x0000000782c00000,0x0000000785100000)
 ParOldGen       total 94208K, used 47043K [0x00000006c1c00000, 0x00000006c7800000, 0x000000076b400000)
  object space 94208K, 49% used [0x00000006c1c00000,0x00000006c49f0db8,0x00000006c7800000)
 Metaspace       used 31016K, capacity 31832K, committed 32128K, reserved 1077248K
  class space    used 3655K, capacity 3856K, committed 3968K, reserved 1048576K
}
Event: 10.490 GC heap before
{Heap before GC invocations=9 (full 1):
 PSYoungGen      total 231424K, used 231405K [0x000000076b400000, 0x0000000785100000, 0x00000007c0000000)
  eden space 206336K, 100% used [0x000000076b400000,0x0000000777d80000,0x0000000777d80000)
  from space 25088K, 99% used [0x0000000777d80000,0x00000007795fb648,0x0000000779600000)
  to   space 37888K, 0% used [0x0000000782c00000,0x0000000782c00000,0x0000000785100000)
 ParOldGen       total 94208K, used 47043K [0x00000006c1c00000, 0x00000006c7800000, 0x000000076b400000)
  object space 94208K, 49% used [0x00000006c1c00000,0x00000006c49f0db8,0x00000006c7800000)
 Metaspace       used 31017K, capacity 31832K, committed 32128K, reserved 1077248K
  class space    used 3655K, capacity 3856K, committed 3968K, reserved 1048576K
Event: 10.545 GC heap after
Heap after GC invocations=9 (full 1):
 PSYoungGen      total 374272K, used 37869K [0x000000076b400000, 0x0000000786d00000, 0x00000007c0000000)
  eden space 336384K, 0% used [0x000000076b400000,0x000000076b400000,0x000000077fc80000)
  from space 37888K, 99% used [0x0000000782c00000,0x00000007850fb6d0,0x0000000785100000)
  to   space 48640K, 0% used [0x000000077fc80000,0x000000077fc80000,0x0000000782c00000)
 ParOldGen       total 94208K, used 57190K [0x00000006c1c00000, 0x00000006c7800000, 0x000000076b400000)
  object space 94208K, 60% used [0x00000006c1c00000,0x00000006c53d99b0,0x00000006c7800000)
 Metaspace       used 31017K, capacity 31832K, committed 32128K, reserved 1077248K
  class space    used 3655K, capacity 3856K, committed 3968K, reserved 1048576K
}
Event: 11.691 GC heap before
{Heap before GC invocations=10 (full 1):
 PSYoungGen      total 374272K, used 233222K [0x000000076b400000, 0x0000000786d00000, 0x00000007c0000000)
  eden space 336384K, 58% used [0x000000076b400000,0x00000007772c6180,0x000000077fc80000)
  from space 37888K, 99% used [0x0000000782c00000,0x00000007850fb6d0,0x0000000785100000)
  to   space 48640K, 0% used [0x000000077fc80000,0x000000077fc80000,0x0000000782c00000)
 ParOldGen       total 94208K, used 57190K [0x00000006c1c00000, 0x00000006c7800000, 0x000000076b400000)
  object space 94208K, 60% used [0x00000006c1c00000,0x00000006c53d99b0,0x00000006c7800000)
 Metaspace       used 34558K, capacity 35336K, committed 35496K, reserved 1081344K
  class space    used 4088K, capacity 4324K, committed 4352K, reserved 1048576K
Event: 11.738 GC heap after
Heap after GC invocations=10 (full 1):
 PSYoungGen      total 385024K, used 30577K [0x000000076b400000, 0x0000000786d00000, 0x00000007c0000000)
  eden space 336384K, 0% used [0x000000076b400000,0x000000076b400000,0x000000077fc80000)
  from space 48640K, 62% used [0x000000077fc80000,0x0000000781a5c738,0x0000000782c00000)
  to   space 37888K, 0% used [0x0000000782c00000,0x0000000782c00000,0x0000000785100000)
 ParOldGen       total 94208K, used 67549K [0x00000006c1c00000, 0x00000006c7800000, 0x000000076b400000)
  object space 94208K, 71% used [0x00000006c1c00000,0x00000006c5df7450,0x00000006c7800000)
 Metaspace       used 34558K, capacity 35336K, committed 35496K, reserved 1081344K
  class space    used 4088K, capacity 4324K, committed 4352K, reserved 1048576K
}
Event: 11.738 GC heap before
{Heap before GC invocations=11 (full 2):
 PSYoungGen      total 385024K, used 30577K [0x000000076b400000, 0x0000000786d00000, 0x00000007c0000000)
  eden space 336384K, 0% used [0x000000076b400000,0x000000076b400000,0x000000077fc80000)
  from space 48640K, 62% used [0x000000077fc80000,0x0000000781a5c738,0x0000000782c00000)
  to   space 37888K, 0% used [0x0000000782c00000,0x0000000782c00000,0x0000000785100000)
 ParOldGen       total 94208K, used 67549K [0x00000006c1c00000, 0x00000006c7800000, 0x000000076b400000)
  object space 94208K, 71% used [0x00000006c1c00000,0x00000006c5df7450,0x00000006c7800000)
 Metaspace       used 34558K, capacity 35336K, committed 35496K, reserved 1081344K
  class space    used 4088K, capacity 4324K, committed 4352K, reserved 1048576K

